

times in msec
 clock   self+sourced   self:  sourced script
 clock   elapsed:              other lines

000.007  000.007: --- VIM STARTING ---
000.095  000.088: Allocated generic buffers
000.182  000.087: locale set
000.202  000.020: GUI prepared
000.207  000.005: clipboard setup
000.213  000.006: window checked
000.675  000.462: inits 1
000.680  000.005: parsing arguments
000.681  000.001: expanding arguments
000.699  000.018: shell init
000.956  000.257: Termcap init
001.011  000.055: inits 2
001.162  000.151: init highlight
001.472  000.186  000.186: sourcing /usr/share/vim/vimfiles/archlinux.vim
001.512  000.296  000.110: sourcing /etc/vimrc
004.104  002.049  002.049: sourcing /home/daniel/.vim/autoload/plug.vim
008.237  000.034  000.034: sourcing /usr/share/vim/vim74/ftoff.vim
009.966  000.101  000.101: sourcing /home/daniel/.vim/filetype.vim
037.630  000.206  000.206: sourcing /home/daniel/.vim/plugged/vim-clojure-static/ftdetect/clojure.vim
037.855  000.072  000.072: sourcing /home/daniel/.vim/plugged/vaxe/ftdetect/flow.vim
037.954  000.067  000.067: sourcing /home/daniel/.vim/plugged/vaxe/ftdetect/haxe.vim
038.052  000.069  000.069: sourcing /home/daniel/.vim/plugged/vaxe/ftdetect/hss.vim
038.141  000.061  000.061: sourcing /home/daniel/.vim/plugged/vaxe/ftdetect/hxml.vim
038.231  000.064  000.064: sourcing /home/daniel/.vim/plugged/vaxe/ftdetect/lime.vim
038.319  000.061  000.061: sourcing /home/daniel/.vim/plugged/vaxe/ftdetect/nmml.vim
046.505  008.031  008.031: sourcing /home/daniel/.vim/plugged/vim-polyglot/ftdetect/polyglot.vim
046.757  000.124  000.124: sourcing /usr/share/vim/vimfiles/ftdetect/conkyrc.vim
046.894  000.108  000.108: sourcing /usr/share/vim/vimfiles/ftdetect/dockerfile.vim
047.170  000.248  000.248: sourcing /usr/share/vim/vimfiles/ftdetect/task.vim
047.365  000.042  000.042: sourcing /home/daniel/.dotfiles/vim/.vim/plugged/vim-polyglot/after/jsx-config.vim
047.556  000.296  000.254: sourcing /home/daniel/.vim/plugged/vim-polyglot/after/ftdetect/javascript.vim
047.710  000.127  000.127: sourcing /home/daniel/.vim/plugged/vim-polyglot/after/ftdetect/rspec.vim
047.858  037.686  028.152: sourcing /usr/share/vim/vim74/filetype.vim
048.114  000.051  000.051: sourcing /usr/share/vim/vim74/ftplugin.vim
048.340  000.046  000.046: sourcing /usr/share/vim/vim74/indent.vim
049.064  000.255  000.255: sourcing /usr/share/vim/vim74/syntax/syncolor.vim
049.201  000.596  000.341: sourcing /usr/share/vim/vim74/syntax/synload.vim
049.246  000.847  000.251: sourcing /usr/share/vim/vim74/syntax/syntax.vim
049.620  000.288  000.288: sourcing /usr/share/vim/vim74/syntax/nosyntax.vim
050.223  000.223  000.223: sourcing /usr/share/vim/vim74/syntax/syncolor.vim
050.358  000.553  000.330: sourcing /usr/share/vim/vim74/syntax/synload.vim
050.402  001.111  000.270: sourcing /usr/share/vim/vim74/syntax/syntax.vim
050.448  000.009  000.009: sourcing /home/daniel/.vim/filetype.vim
050.617  000.012  000.012: sourcing /usr/share/vim/vim74/filetype.vim
050.800  000.011  000.011: sourcing /usr/share/vim/vim74/ftplugin.vim
050.978  000.011  000.011: sourcing /usr/share/vim/vim74/indent.vim
051.962  000.215  000.215: sourcing /usr/share/vim/vim74/syntax/syncolor.vim
052.442  000.216  000.216: sourcing /usr/share/vim/vim74/syntax/syncolor.vim
059.456  008.019  007.588: sourcing /home/daniel/.vim/plugged/gruvbox/colors/gruvbox.vim
060.315  000.311  000.311: sourcing /usr/share/vim/vim74/syntax/syncolor.vim
061.043  000.315  000.315: sourcing /usr/share/vim/vim74/syntax/syncolor.vim
069.643  010.046  009.420: sourcing /home/daniel/.vim/plugged/gruvbox/colors/gruvbox.vim
069.807  068.254  008.221: sourcing $HOME/.vimrc
069.814  000.102: sourcing vimrc file(s)
069.972  000.018  000.018: sourcing /home/daniel/.vim/plugged/vim-fireplace/plugin/fireplace/zip.vim
072.576  002.578  002.578: sourcing /home/daniel/.vim/plugged/vim-fireplace/plugin/fireplace.vim
072.817  000.131  000.131: sourcing /home/daniel/.vim/plugged/vim-clojure-highlight/plugin/vim_clojure_highlight.vim
073.249  000.355  000.355: sourcing /home/daniel/.vim/plugged/vim-salve/plugin/salve.vim
073.423  000.010  000.010: sourcing /home/daniel/.vim/filetype.vim
073.579  000.012  000.012: sourcing /usr/share/vim/vim74/filetype.vim
073.746  000.010  000.010: sourcing /usr/share/vim/vim74/ftplugin.vim
073.796  000.008  000.008: sourcing /home/daniel/.vim/filetype.vim
073.945  000.011  000.011: sourcing /usr/share/vim/vim74/filetype.vim
074.105  000.009  000.009: sourcing /usr/share/vim/vim74/indent.vim
075.456  002.094  002.034: sourcing /home/daniel/.vim/plugged/paredit/plugin/paredit.vim
075.611  000.066  000.066: sourcing /home/daniel/.vim/plugged/rainbow_parentheses.vim/plugin/rainbow_parentheses.vim
076.691  001.008  001.008: sourcing /home/daniel/.vim/plugged/tagbar/plugin/tagbar.vim
078.123  000.113  000.113: sourcing /home/daniel/.vim/plugged/vaxe/autoload/vaxe/util.vim
078.751  001.283  001.170: sourcing /home/daniel/.vim/plugged/vaxe/plugin/haxe.vim
078.950  000.031  000.031: sourcing /home/daniel/.vim/plugged/vaxe/plugin/hxml.vim
079.867  000.801  000.801: sourcing /home/daniel/.vim/plugged/vim-surround/plugin/surround.vim
080.747  000.752  000.752: sourcing /home/daniel/.vim/plugged/vim-eunuch/plugin/eunuch.vim
081.193  000.200  000.200: sourcing /home/daniel/.vim/plugged/vim-easyclip/autoload/EasyClip.vim
081.945  000.552  000.552: sourcing /home/daniel/.vim/plugged/vim-easyclip/autoload/EasyClip/Paste.vim
083.098  000.208  000.208: sourcing /home/daniel/.vim/plugged/vim-easyclip/autoload/EasyClip/Move.vim
083.664  000.258  000.258: sourcing /home/daniel/.vim/plugged/vim-easyclip/autoload/EasyClip/Substitute.vim
084.221  000.436  000.436: sourcing /home/daniel/.vim/plugged/vim-easyclip/autoload/EasyClip/Yank.vim
084.754  000.083  000.083: sourcing /home/daniel/.vim/plugged/vim-easyclip/autoload/EasyClip/Shared.vim
086.048  000.060  000.060: sourcing /home/daniel/.vim/plugged/vim-easyclip/autoload/EasyClip/BlackHole.vim
089.601  008.751  006.954: sourcing /home/daniel/.vim/plugged/vim-easyclip/plugin/EasyClip.vim
090.877  001.047  001.047: sourcing /home/daniel/.vim/plugged/vim-multiple-cursors/plugin/multiple_cursors.vim
091.735  000.250  000.250: sourcing /home/daniel/.vim/plugged/ctrlp.vim/autoload/ctrlp/mrufiles.vim
091.948  000.856  000.606: sourcing /home/daniel/.vim/plugged/ctrlp.vim/plugin/ctrlp.vim
097.138  005.114  005.114: sourcing /home/daniel/.vim/plugged/nerdcommenter/plugin/NERD_commenter.vim
097.448  000.017  000.017: sourcing /home/daniel/.vim/plugged/syntastic/plugin/syntastic/autoloclist.vim
097.484  000.012  000.012: sourcing /home/daniel/.vim/plugged/syntastic/plugin/syntastic/balloons.vim
097.516  000.011  000.011: sourcing /home/daniel/.vim/plugged/syntastic/plugin/syntastic/checker.vim
097.549  000.012  000.012: sourcing /home/daniel/.vim/plugged/syntastic/plugin/syntastic/cursor.vim
097.580  000.012  000.012: sourcing /home/daniel/.vim/plugged/syntastic/plugin/syntastic/highlighting.vim
097.611  000.011  000.011: sourcing /home/daniel/.vim/plugged/syntastic/plugin/syntastic/loclist.vim
097.641  000.010  000.010: sourcing /home/daniel/.vim/plugged/syntastic/plugin/syntastic/modemap.vim
097.670  000.010  000.010: sourcing /home/daniel/.vim/plugged/syntastic/plugin/syntastic/notifiers.vim
097.702  000.012  000.012: sourcing /home/daniel/.vim/plugged/syntastic/plugin/syntastic/registry.vim
097.732  000.011  000.011: sourcing /home/daniel/.vim/plugged/syntastic/plugin/syntastic/signs.vim
098.419  000.418  000.418: sourcing /home/daniel/.vim/plugged/syntastic/autoload/syntastic/util.vim
109.999  000.052  000.052: sourcing /home/daniel/.vim/plugged/syntastic/plugin/syntastic/autoloclist.vim
110.089  000.061  000.061: sourcing /home/daniel/.vim/plugged/syntastic/plugin/syntastic/balloons.vim
110.317  000.205  000.205: sourcing /home/daniel/.vim/plugged/syntastic/plugin/syntastic/checker.vim
110.446  000.105  000.105: sourcing /home/daniel/.vim/plugged/syntastic/plugin/syntastic/cursor.vim
110.561  000.091  000.091: sourcing /home/daniel/.vim/plugged/syntastic/plugin/syntastic/highlighting.vim
110.908  000.324  000.324: sourcing /home/daniel/.vim/plugged/syntastic/plugin/syntastic/loclist.vim
111.044  000.094  000.094: sourcing /home/daniel/.vim/plugged/syntastic/plugin/syntastic/modemap.vim
111.145  000.076  000.076: sourcing /home/daniel/.vim/plugged/syntastic/plugin/syntastic/notifiers.vim
111.507  000.339  000.339: sourcing /home/daniel/.vim/plugged/syntastic/plugin/syntastic/registry.vim
111.638  000.105  000.105: sourcing /home/daniel/.vim/plugged/syntastic/plugin/syntastic/signs.vim
112.655  014.903  013.033: sourcing /home/daniel/.vim/plugged/syntastic/plugin/syntastic.vim
119.930  007.174  007.174: sourcing /home/daniel/.vim/plugged/vim-easymotion/plugin/EasyMotion.vim
120.775  000.754  000.754: sourcing /home/daniel/.vim/plugged/quick-scope/plugin/quick_scope.vim
121.362  000.303  000.303: sourcing /home/daniel/.vim/plugged/vim-airline/autoload/airline.vim
121.778  000.124  000.124: sourcing /home/daniel/.vim/plugged/vim-airline/autoload/airline/init.vim
122.466  000.318  000.318: sourcing /home/daniel/.vim/plugged/vim-airline/autoload/airline/parts.vim
122.985  002.129  001.384: sourcing /home/daniel/.vim/plugged/vim-airline/plugin/airline.vim
123.808  000.751  000.751: sourcing /home/daniel/.vim/plugged/vim-better-whitespace/plugin/better-whitespace.vim
124.264  000.384  000.384: sourcing /home/daniel/.vim/plugged/YouCompleteMe/plugin/youcompleteme.vim
124.554  000.094  000.094: sourcing /usr/share/vim/vim74/plugin/getscriptPlugin.vim
124.849  000.272  000.272: sourcing /usr/share/vim/vim74/plugin/gzip.vim
125.295  000.424  000.424: sourcing /usr/share/vim/vim74/plugin/logiPat.vim
125.560  000.241  000.241: sourcing /usr/share/vim/vim74/plugin/matchparen.vim
126.320  000.737  000.737: sourcing /usr/share/vim/vim74/plugin/netrwPlugin.vim
126.452  000.099  000.099: sourcing /usr/share/vim/vim74/plugin/rrhelper.vim
126.514  000.032  000.032: sourcing /usr/share/vim/vim74/plugin/spellfile.vim
126.735  000.194  000.194: sourcing /usr/share/vim/vim74/plugin/tarPlugin.vim
126.864  000.100  000.100: sourcing /usr/share/vim/vim74/plugin/tohtml.vim
127.059  000.166  000.166: sourcing /usr/share/vim/vim74/plugin/vimballPlugin.vim
127.312  000.219  000.219: sourcing /usr/share/vim/vim74/plugin/zipPlugin.vim
127.358  003.868: loading plugins
128.799  001.441: inits 3
128.958  000.159: reading viminfo
131.199  002.241: setup clipboard
131.208  000.009: setting raw mode
131.227  000.019: start termcap
131.294  000.067: clearing screen
133.031  000.437  000.437: sourcing /home/daniel/.vim/plugged/vim-airline/autoload/airline/extensions.vim
133.337  000.092  000.092: sourcing /home/daniel/.vim/plugged/vim-airline/autoload/airline/extensions/quickfix.vim
133.656  000.087  000.087: sourcing /home/daniel/.vim/plugged/vim-airline/autoload/airline/extensions/netrw.vim
134.047  000.169  000.169: sourcing /home/daniel/.vim/plugged/vim-airline/autoload/airline/extensions/ctrlp.vim
134.432  000.122  000.122: sourcing /home/daniel/.vim/plugged/vim-airline/autoload/airline/extensions/tagbar.vim
134.790  000.064  000.064: sourcing /home/daniel/.vim/plugged/vim-airline/autoload/airline/extensions/syntastic.vim
135.193  000.180  000.180: sourcing /home/daniel/.vim/plugged/vim-airline/autoload/airline/extensions/whitespace.vim
137.413  000.160  000.160: sourcing /home/daniel/.vim/plugged/vim-airline/autoload/airline/section.vim
138.047  000.365  000.365: sourcing /home/daniel/.vim/plugged/vim-airline/autoload/airline/highlighter.vim
140.264  000.124  000.124: sourcing /home/daniel/.vim/plugged/vim-airline/autoload/airline/themes.vim
141.848  001.947  001.823: sourcing /home/daniel/.vim/plugged/gruvbox/autoload/airline/themes/gruvbox.vim
146.799  000.164  000.164: sourcing /home/daniel/.vim/plugged/vim-airline/autoload/airline/util.vim
147.620  000.282  000.282: sourcing /home/daniel/.vim/plugged/vim-airline/autoload/airline/builder.vim
148.125  000.106  000.106: sourcing /home/daniel/.vim/plugged/vim-airline/autoload/airline/extensions/default.vim
160.116  024.647: opening buffers
160.572  000.197  000.197: sourcing /home/daniel/.vim/plugged/syntastic/autoload/syntastic/log.vim
161.323  001.010: BufEnter autocommands
161.339  000.016: editing files in windows
161.814  000.319  000.319: sourcing /home/daniel/.vim/plugged/vim-repeat/autoload/repeat.vim
166.601  000.029  000.029: sourcing /home/daniel/.vim/plugged/vim-airline/autoload/airline/deprecation.vim
176.389  009.471  009.471: sourcing /home/daniel/.vim/plugged/YouCompleteMe/autoload/youcompleteme.vim
296.667  125.509: VimEnter autocommands
296.671  000.004: before starting main loop
302.501  004.673  004.673: sourcing /home/daniel/.vim/plugged/tagbar/autoload/tagbar.vim
333.656  032.312: first screen update
333.660  000.004: --- VIM STARTED ---
